This is XeTeX, Version 3.14159265-2.6-0.99992 (TeX Live 2015) (preloaded format=xelatex 2015.12.23)  21 JUL 2016 13:55
entering extended mode
 restricted \write18 enabled.
 %&-line parsing enabled.
**mainfile.tex
(./mainfile.tex
LaTeX2e <2015/01/01>
Babel <3.9l> and hyphenation patterns for 79 languages loaded.
(/usr/local/texlive/2015/texmf-dist/tex/latex/base/book.cls
Document Class: book 2014/09/29 v1.4h Standard LaTeX document class
(/usr/local/texlive/2015/texmf-dist/tex/latex/base/bk11.clo
File: bk11.clo 2014/09/29 v1.4h Standard LaTeX file (size option)
)
\c@part=\count79
\c@chapter=\count80
\c@section=\count81
\c@subsection=\count82
\c@subsubsection=\count83
\c@paragraph=\count84
\c@subparagraph=\count85
\c@figure=\count86
\c@table=\count87
\abovecaptionskip=\skip41
\belowcaptionskip=\skip42
\bibindent=\dimen102
)
(../macros/macros_print.tex
(/usr/local/texlive/2015/texmf-dist/tex/latex/tools/array.sty
Package: array 2014/10/28 v2.4c Tabular extension package (FMi)
\col@sep=\dimen103
\extrarowheight=\dimen104
\NC@list=\toks14
\extratabsurround=\skip43
\backup@length=\skip44
)
(/usr/local/texlive/2015/texmf-dist/tex/latex/nudi/nudi.sty
Package: nudi 
)
(/usr/local/texlive/2015/texmf-dist/tex/latex/zwpagelayout/zwpagelayout.sty
Package: zwpagelayout 2013/01/13 ZW Page Layout
Package zwpagelayout Info: $Id: zwpagelayout.sty 453 2013-01-13 17:12:17Z zw $.


(/usr/local/texlive/2015/texmf-dist/tex/generic/oberdiek/ifpdf.sty
Package: ifpdf 2011/01/30 v2.3 Provides the ifpdf switch (HO)
Package ifpdf Info: pdfTeX in PDF mode is not detected.
)
(/usr/local/texlive/2015/texmf-dist/tex/generic/ifxetex/ifxetex.sty
Package: ifxetex 2010/09/12 v0.6 Provides ifxetex conditional
)
(/usr/local/texlive/2015/texmf-dist/tex/latex/oberdiek/kvoptions.sty
Package: kvoptions 2011/06/30 v3.11 Key value format for package options (HO)

(/usr/local/texlive/2015/texmf-dist/tex/latex/graphics/keyval.sty
Package: keyval 2014/10/28 v1.15 key=value parser (DPC)
\KV@toks@=\toks15
)
(/usr/local/texlive/2015/texmf-dist/tex/generic/oberdiek/ltxcmds.sty
Package: ltxcmds 2011/11/09 v1.22 LaTeX kernel commands for general use (HO)
)
(/usr/local/texlive/2015/texmf-dist/tex/generic/oberdiek/kvsetkeys.sty
Package: kvsetkeys 2012/04/25 v1.16 Key value parser (HO)

(/usr/local/texlive/2015/texmf-dist/tex/generic/oberdiek/infwarerr.sty
Package: infwarerr 2010/04/08 v1.3 Providing info/warning/error messages (HO)
)
(/usr/local/texlive/2015/texmf-dist/tex/generic/oberdiek/etexcmds.sty
Package: etexcmds 2011/02/16 v1.5 Avoid name clashes with e-TeX commands (HO)

(/usr/local/texlive/2015/texmf-dist/tex/generic/oberdiek/ifluatex.sty
Package: ifluatex 2010/03/01 v1.3 Provides the ifluatex switch (HO)
Package ifluatex Info: LuaTeX not detected.
)
Package etexcmds Info: Could not find \expanded.
(etexcmds)             That can mean that you are not using pdfTeX 1.50 or
(etexcmds)             that some package has redefined \expanded.
(etexcmds)             In the latter case, load this package earlier.
)))
\zwpl@Driver=\count88
Package zwpagelayout Info: Driver mode used: xetex.
(zwpagelayout)              on input line 223.
\ZW@baselineskip=\skip45

(/usr/local/texlive/2015/texmf-dist/tex/latex/graphics/color.sty
Package: color 2014/10/28 v1.1a Standard LaTeX Color (DPC)

(/usr/local/texlive/2015/texmf-dist/tex/latex/latexconfig/color.cfg
File: color.cfg 2007/01/18 v1.5 color configuration of teTeX/TeXLive
)
Package color Info: Driver file: xetex.def on input line 142.

(/usr/local/texlive/2015/texmf-dist/tex/xelatex/xetex-def/xetex.def
File: xetex.def 2015/03/25 v4.04 LaTeX color/graphics driver for XeTeX (TeX Liv
e/RRM/JK)
))
\zwpl@low=\dimen105
\zwpl@len=\dimen106
\zwpl@gap=\dimen107
\zwpl@plus=\dimen108
\zwpl@minus=\dimen109
\zwpl@frame=\dimen110
\zwpl@vsize=\dimen111
\zwpl@Hshift=\count89
\zwpl@Vshift=\count90
)
(/usr/local/texlive/2015/texmf-dist/tex/latex/fancyhdr/fancyhdr.sty
\fancy@headwidth=\skip46
\f@ncyO@elh=\skip47
\f@ncyO@erh=\skip48
\f@ncyO@olh=\skip49
\f@ncyO@orh=\skip50
\f@ncyO@elf=\skip51
\f@ncyO@erf=\skip52
\f@ncyO@olf=\skip53
\f@ncyO@orf=\skip54
)
\c@shloka=\count91
)
No file mainfile.aux.
\openout1 = `mainfile.aux'.

LaTeX Font Info:    Checking defaults for OML/cmm/m/it on input line 6.
LaTeX Font Info:    ... okay on input line 6.
LaTeX Font Info:    Checking defaults for T1/cmr/m/n on input line 6.
LaTeX Font Info:    ... okay on input line 6.
LaTeX Font Info:    Checking defaults for OT1/cmr/m/n on input line 6.
LaTeX Font Info:    ... okay on input line 6.
LaTeX Font Info:    Checking defaults for OMS/cmsy/m/n on input line 6.
LaTeX Font Info:    ... okay on input line 6.
LaTeX Font Info:    Checking defaults for OMX/cmex/m/n on input line 6.
LaTeX Font Info:    ... okay on input line 6.
LaTeX Font Info:    Checking defaults for U/cmr/m/n on input line 6.
LaTeX Font Info:    ... okay on input line 6.
LaTeX Font Info:    Try loading font information for OT1+ndi on input line 6.
(/usr/local/texlive/2015/texmf-dist/tex/latex/nudi/ot1ndi.fd
File: ot1ndi.fd 
)
No file mainfile.toc.
\tf@toc=\write3
\openout3 = `mainfile.toc'.

LaTeX Font Info:    Try loading font information for OT1+txr on input line 10.
(/usr/local/texlive/2015/texmf-dist/tex/latex/txfonts/ot1txr.fd
File: ot1txr.fd 2000/12/15 v3.1
) [1


] [2

]
(./001.tex
adhAyxya 1.
[1

] [2] [3] [4] [5]
LaTeX Font Info:    External font `cmex10' loaded for size
(Font)              <10.95> on input line 292.
LaTeX Font Info:    External font `cmex10' loaded for size
(Font)              <8> on input line 292.
LaTeX Font Info:    External font `cmex10' loaded for size
(Font)              <6> on input line 292.
LaTeX Font Info:    External font `cmex10' loaded for size
(Font)              <9> on input line 295.
LaTeX Font Info:    External font `cmex10' loaded for size
(Font)              <5> on input line 295.
 [6] [7] [8] [9] [10] [11] [12] [13] [14] [15] [16] [17]
Underfull \hbox (badness 3019) in paragraph at lines 807--807
\OT1/ndi/bx/n/10.95 15. AraneV payARyadalilx ``ya EvAyamapusx puruSaH EtameV vA
haM
 []

[18] [19] [20] [21] [22] [23]
Underfull \hbox (badness 1033) in paragraph at lines 1117--1117
\OT1/ndi/m/n/9 | nAbArxhamxNeV gurw shiSoyxV vAsamAtayxMtikaM vaseVtf | bArxham
xNeV cAnanUcAneV kAMkaSxnf gati
 []

[24] [25] [26] [27]
Underfull \hbox (badness 1092) in paragraph at lines 1299--1299
\OT1/ndi/bx/n/10.95 pArxNakUkx caMdarxnigU BeVdaviruvudariMdalU caMdarxna hesar
ugaLiMda ecacxrisidarU
 []

[28] [29] [30] [31]
Underfull \hbox (badness 1661) in paragraph at lines 1461--1461
[][]\OT1/ndi/m/n/9 kAshiVrAjanige iSaTxvAda Atamxnu yAva vAyxpAravU ilalxde mal
agiruvanu, pArxNavu mAtarx
 []


Underfull \hbox (badness 3240) in paragraph at lines 1461--1461
\OT1/ndi/m/n/9 shAvxsa ucACxvXsavAyxpAravanunx mADutAtx, suSupitxyalilxruvadari
Mda malagilalxveMdathaR, adariMda
 []

[32]) [33] (./mainfile.aux) ) 
Here is how much of TeX's memory you used:
 1622 strings out of 493706
 23142 string characters out of 6145768
 81717 words of memory out of 5000000
 4972 multiletter control sequences out of 15000+600000
 23864 words of font info for 43 fonts, out of 8000000 for 9000
 1328 hyphenation exceptions out of 8191
 37i,12n,43p,825b,321s stack positions out of 5000i,500n,10000p,200000b,80000s

Output written on mainfile.pdf (35 pages).
